<?xml version="1.0" encoding="UTF-8"?>
<TestRun id="c5ef9928-ede8-4583-a014-ff548bba7057" name="Amichai@AMICHAI-PC 2011-12-22 12:07:14" runUser="Amichai-PC\Amichai" xmlns="http://microsoft.com/schemas/VisualStudio/TeamTest/2010">
  <TestSettings name="Local" id="7a61c6dd-4871-423a-9d55-26e05645fdc5">
    <Description>These are default test settings for a local test run.</Description>
    <Deployment enabled="false" runDeploymentRoot="Amichai_AMICHAI-PC 2011-12-22 12_07_14">
      <DeploymentItem filename="C:\Users\Amichai\Documents\Third Party Source\W3b.Sine\_ref\Oyster.IntX.dll" />
      <DeploymentItem filename="C:\Users\Amichai\Documents\Visual Studio 2010\Projects\RandomWalker\packages\morelinq.1.0\lib\net35\MoreLinq.dll" />
      <DeploymentItem filename="C:\Users\Amichai\Documents\Visual Studio 2010\Projects\OpenPadProject\Common\bin\Debug\Common.dll" />
    </Deployment>
    <Execution>
      <TestTypeSpecific />
      <AgentRule name="Execution Agents">
      </AgentRule>
    </Execution>
  </TestSettings>
  <Times creation="2011-12-22T12:07:14.1409361-05:00" queuing="2011-12-22T12:07:55.6683113-05:00" start="2011-12-22T12:07:57.8244346-05:00" finish="2011-12-22T12:08:26.3450659-05:00" />
  <ResultSummary outcome="Completed">
    <Counters total="3" executed="3" passed="3" error="0" failed="0" timeout="0" aborted="0" inconclusive="0" passedButRunAborted="0" notRunnable="0" notExecuted="0" disconnected="0" warning="0" completed="0" inProgress="0" pending="0" />
  </ResultSummary>
  <TestDefinitions>
    <UnitTest name="DichotomyMethodTest" storage="c:\users\amichai\documents\visual studio 2010\projects\computationalphysics\commontest\bin\debug\commontest.dll" id="4b066c86-6321-0404-969a-0d552499fc9e">
      <Execution id="dbdb6a77-7c89-40af-b82b-c093e100415a" />
      <TestMethod codeBase="C:/Users/Amichai/Documents/Visual Studio 2010/Projects/ComputationalPhysics/CommonTest/bin/Debug/CommonTest.DLL" adapterTypeName="Microsoft.VisualStudio.TestTools.TestTypes.Unit.UnitTestAdapter, Microsoft.VisualStudio.QualityTools.Tips.UnitTest.Adapter, Version=10.0.0.0, Culture=neutral, PublicKeyToken=b03f5f7f11d50a3a" className="CommonTest.FindZeroTest, CommonTest, Version=1.0.0.0, Culture=neutral, PublicKeyToken=null" name="DichotomyMethodTest" />
    </UnitTest>
    <UnitTest name="ThreeVectorConstructorTest" storage="c:\users\amichai\documents\visual studio 2010\projects\computationalphysics\commontest\bin\debug\commontest.dll" id="4e228cd1-7134-d4f0-ad63-420d7ce70b2e">
      <Execution id="82c24e25-3d92-4ac3-8076-c1ed8bf7a09f" />
      <TestMethod codeBase="C:/Users/Amichai/Documents/Visual Studio 2010/Projects/ComputationalPhysics/CommonTest/bin/Debug/CommonTest.DLL" adapterTypeName="Microsoft.VisualStudio.TestTools.TestTypes.Unit.UnitTestAdapter, Microsoft.VisualStudio.QualityTools.Tips.UnitTest.Adapter, Version=10.0.0.0, Culture=neutral, PublicKeyToken=b03f5f7f11d50a3a" className="CommonTest.ThreeVectorTest, CommonTest, Version=1.0.0.0, Culture=neutral, PublicKeyToken=null" name="ThreeVectorConstructorTest" />
    </UnitTest>
    <UnitTest name="op_AdditionTest" storage="c:\users\amichai\documents\visual studio 2010\projects\computationalphysics\commontest\bin\debug\commontest.dll" id="8e922c8d-79b4-de99-9664-c60d5dc7df9f">
      <Execution id="02b6f117-611d-404a-ab7f-f894c7abf324" />
      <TestMethod codeBase="C:/Users/Amichai/Documents/Visual Studio 2010/Projects/ComputationalPhysics/CommonTest/bin/Debug/CommonTest.DLL" adapterTypeName="Microsoft.VisualStudio.TestTools.TestTypes.Unit.UnitTestAdapter, Microsoft.VisualStudio.QualityTools.Tips.UnitTest.Adapter, Version=10.0.0.0, Culture=neutral, PublicKeyToken=b03f5f7f11d50a3a" className="CommonTest.ThreeVectorTest, CommonTest, Version=1.0.0.0, Culture=neutral, PublicKeyToken=null" name="op_AdditionTest" />
    </UnitTest>
  </TestDefinitions>
  <TestLists>
    <TestList name="Results Not in a List" id="8c84fa94-04c1-424b-9868-57a2d4851a1d" />
    <TestList name="All Loaded Results" id="19431567-8539-422a-85d7-44ee4e166bda" />
  </TestLists>
  <TestEntries>
    <TestEntry testId="8e922c8d-79b4-de99-9664-c60d5dc7df9f" executionId="02b6f117-611d-404a-ab7f-f894c7abf324" testListId="8c84fa94-04c1-424b-9868-57a2d4851a1d" />
    <TestEntry testId="4e228cd1-7134-d4f0-ad63-420d7ce70b2e" executionId="82c24e25-3d92-4ac3-8076-c1ed8bf7a09f" testListId="8c84fa94-04c1-424b-9868-57a2d4851a1d" />
    <TestEntry testId="4b066c86-6321-0404-969a-0d552499fc9e" executionId="dbdb6a77-7c89-40af-b82b-c093e100415a" testListId="8c84fa94-04c1-424b-9868-57a2d4851a1d" />
  </TestEntries>
  <Results>
    <UnitTestResult executionId="02b6f117-611d-404a-ab7f-f894c7abf324" testId="8e922c8d-79b4-de99-9664-c60d5dc7df9f" testName="op_AdditionTest" computerName="AMICHAI-PC" duration="00:00:00.6986300" startTime="2011-12-22T12:08:01.3636370-05:00" endTime="2011-12-22T12:08:20.6047376-05:00" testType="13cdc9d9-ddb5-4fa4-a97d-d965ccfc6d4b" outcome="Passed" testListId="8c84fa94-04c1-424b-9868-57a2d4851a1d" relativeResultsDirectory="02b6f117-611d-404a-ab7f-f894c7abf324">
    </UnitTestResult>
    <UnitTestResult executionId="82c24e25-3d92-4ac3-8076-c1ed8bf7a09f" testId="4e228cd1-7134-d4f0-ad63-420d7ce70b2e" testName="ThreeVectorConstructorTest" computerName="AMICHAI-PC" duration="00:00:00.0261719" startTime="2011-12-22T12:08:20.7807476-05:00" endTime="2011-12-22T12:08:20.9137552-05:00" testType="13cdc9d9-ddb5-4fa4-a97d-d965ccfc6d4b" outcome="Passed" testListId="8c84fa94-04c1-424b-9868-57a2d4851a1d" relativeResultsDirectory="82c24e25-3d92-4ac3-8076-c1ed8bf7a09f">
    </UnitTestResult>
    <UnitTestResult executionId="dbdb6a77-7c89-40af-b82b-c093e100415a" testId="4b066c86-6321-0404-969a-0d552499fc9e" testName="DichotomyMethodTest" computerName="AMICHAI-PC" duration="00:00:00.0278137" startTime="2011-12-22T12:08:21.0277618-05:00" endTime="2011-12-22T12:08:21.1397682-05:00" testType="13cdc9d9-ddb5-4fa4-a97d-d965ccfc6d4b" outcome="Passed" testListId="8c84fa94-04c1-424b-9868-57a2d4851a1d" relativeResultsDirectory="dbdb6a77-7c89-40af-b82b-c093e100415a">
      <Output>
        <DebugTrace>1E-05 16
</DebugTrace>
      </Output>
    </UnitTestResult>
  </Results>
</TestRun>