<?xml version="1.0" encoding="UTF-8"?>
<TestRun id="c8c1ae5f-66eb-4fa7-b8fb-68fd47dd8927" name="Amichai@AMICHAI-PC 2011-12-22 12:01:26" runUser="Amichai-PC\Amichai" xmlns="http://microsoft.com/schemas/VisualStudio/TeamTest/2010">
  <TestSettings name="Local" id="7a61c6dd-4871-423a-9d55-26e05645fdc5">
    <Description>These are default test settings for a local test run.</Description>
    <Deployment enabled="false" runDeploymentRoot="Amichai_AMICHAI-PC 2011-12-22 12_01_26">
      <DeploymentItem filename="C:\Users\Amichai\Documents\Third Party Source\W3b.Sine\_ref\Oyster.IntX.dll" />
      <DeploymentItem filename="C:\Users\Amichai\Documents\Visual Studio 2010\Projects\RandomWalker\packages\morelinq.1.0\lib\net35\MoreLinq.dll" />
      <DeploymentItem filename="C:\Users\Amichai\Documents\Visual Studio 2010\Projects\OpenPadProject\Common\bin\Debug\Common.dll" />
    </Deployment>
    <Execution>
      <TestTypeSpecific />
      <AgentRule name="Execution Agents">
      </AgentRule>
    </Execution>
  </TestSettings>
  <Times creation="2011-12-22T12:01:26.1710333-05:00" queuing="2011-12-22T12:01:38.8107563-05:00" start="2011-12-22T12:01:39.5567989-05:00" finish="2011-12-22T12:01:54.1996365-05:00" />
  <ResultSummary outcome="Error">
    <Counters total="3" executed="3" passed="2" error="0" failed="0" timeout="0" aborted="1" inconclusive="0" passedButRunAborted="0" notRunnable="0" notExecuted="0" disconnected="0" warning="0" completed="0" inProgress="0" pending="0" />
    <RunInfos>
      <RunInfo computerName="AMICHAI-PC" outcome="Error" timestamp="2011-12-22T12:01:54.1976363-05:00">
        <Text>Test host process exited unexpectedly.</Text>
      </RunInfo>
    </RunInfos>
  </ResultSummary>
  <TestDefinitions>
    <UnitTest name="DichotomyMethodTest" storage="c:\users\amichai\documents\visual studio 2010\projects\computationalphysics\commontest\bin\debug\commontest.dll" id="4b066c86-6321-0404-969a-0d552499fc9e">
      <Execution id="e7629ae5-c56f-44cf-b728-63e64d3577f0" />
      <TestMethod codeBase="C:/Users/Amichai/Documents/Visual Studio 2010/Projects/ComputationalPhysics/CommonTest/bin/Debug/CommonTest.DLL" adapterTypeName="Microsoft.VisualStudio.TestTools.TestTypes.Unit.UnitTestAdapter, Microsoft.VisualStudio.QualityTools.Tips.UnitTest.Adapter, Version=10.0.0.0, Culture=neutral, PublicKeyToken=b03f5f7f11d50a3a" className="CommonTest.FindZeroTest, CommonTest, Version=1.0.0.0, Culture=neutral, PublicKeyToken=null" name="DichotomyMethodTest" />
    </UnitTest>
    <UnitTest name="ThreeVectorConstructorTest" storage="c:\users\amichai\documents\visual studio 2010\projects\computationalphysics\commontest\bin\debug\commontest.dll" id="4e228cd1-7134-d4f0-ad63-420d7ce70b2e">
      <Execution id="d39fa504-6eb1-485e-87bc-5d4460387d1c" />
      <TestMethod codeBase="C:/Users/Amichai/Documents/Visual Studio 2010/Projects/ComputationalPhysics/CommonTest/bin/Debug/CommonTest.DLL" adapterTypeName="Microsoft.VisualStudio.TestTools.TestTypes.Unit.UnitTestAdapter, Microsoft.VisualStudio.QualityTools.Tips.UnitTest.Adapter, Version=10.0.0.0, Culture=neutral, PublicKeyToken=b03f5f7f11d50a3a" className="CommonTest.ThreeVectorTest, CommonTest, Version=1.0.0.0, Culture=neutral, PublicKeyToken=null" name="ThreeVectorConstructorTest" />
    </UnitTest>
    <UnitTest name="op_AdditionTest" storage="c:\users\amichai\documents\visual studio 2010\projects\computationalphysics\commontest\bin\debug\commontest.dll" id="8e922c8d-79b4-de99-9664-c60d5dc7df9f">
      <Execution id="f33bf207-58e6-4513-890e-ba0c442d0121" />
      <TestMethod codeBase="C:/Users/Amichai/Documents/Visual Studio 2010/Projects/ComputationalPhysics/CommonTest/bin/Debug/CommonTest.DLL" adapterTypeName="Microsoft.VisualStudio.TestTools.TestTypes.Unit.UnitTestAdapter, Microsoft.VisualStudio.QualityTools.Tips.UnitTest.Adapter, Version=10.0.0.0, Culture=neutral, PublicKeyToken=b03f5f7f11d50a3a" className="CommonTest.ThreeVectorTest, CommonTest, Version=1.0.0.0, Culture=neutral, PublicKeyToken=null" name="op_AdditionTest" />
    </UnitTest>
  </TestDefinitions>
  <TestLists>
    <TestList name="Results Not in a List" id="8c84fa94-04c1-424b-9868-57a2d4851a1d" />
    <TestList name="All Loaded Results" id="19431567-8539-422a-85d7-44ee4e166bda" />
  </TestLists>
  <TestEntries>
    <TestEntry testId="8e922c8d-79b4-de99-9664-c60d5dc7df9f" executionId="f33bf207-58e6-4513-890e-ba0c442d0121" testListId="8c84fa94-04c1-424b-9868-57a2d4851a1d" />
    <TestEntry testId="4e228cd1-7134-d4f0-ad63-420d7ce70b2e" executionId="d39fa504-6eb1-485e-87bc-5d4460387d1c" testListId="8c84fa94-04c1-424b-9868-57a2d4851a1d" />
    <TestEntry testId="4b066c86-6321-0404-969a-0d552499fc9e" executionId="e7629ae5-c56f-44cf-b728-63e64d3577f0" testListId="8c84fa94-04c1-424b-9868-57a2d4851a1d" />
  </TestEntries>
  <Results>
    <UnitTestResult executionId="f33bf207-58e6-4513-890e-ba0c442d0121" testId="8e922c8d-79b4-de99-9664-c60d5dc7df9f" testName="op_AdditionTest" computerName="AMICHAI-PC" duration="00:00:00.0588388" startTime="2011-12-22T12:01:39.8998186-05:00" endTime="2011-12-22T12:01:42.4349636-05:00" testType="13cdc9d9-ddb5-4fa4-a97d-d965ccfc6d4b" outcome="Passed" testListId="8c84fa94-04c1-424b-9868-57a2d4851a1d" relativeResultsDirectory="f33bf207-58e6-4513-890e-ba0c442d0121">
    </UnitTestResult>
    <UnitTestResult executionId="d39fa504-6eb1-485e-87bc-5d4460387d1c" testId="4e228cd1-7134-d4f0-ad63-420d7ce70b2e" testName="ThreeVectorConstructorTest" computerName="AMICHAI-PC" duration="00:00:00.0046641" startTime="2011-12-22T12:01:42.4629652-05:00" endTime="2011-12-22T12:01:42.4859665-05:00" testType="13cdc9d9-ddb5-4fa4-a97d-d965ccfc6d4b" outcome="Passed" testListId="8c84fa94-04c1-424b-9868-57a2d4851a1d" relativeResultsDirectory="d39fa504-6eb1-485e-87bc-5d4460387d1c">
    </UnitTestResult>
    <UnitTestResult executionId="e7629ae5-c56f-44cf-b728-63e64d3577f0" testId="4b066c86-6321-0404-969a-0d552499fc9e" testName="DichotomyMethodTest" computerName="AMICHAI-PC" duration="00:00:11.6956690" startTime="2011-12-22T12:01:42.5039675-05:00" endTime="2011-12-22T12:01:54.1996365-05:00" testType="13cdc9d9-ddb5-4fa4-a97d-d965ccfc6d4b" outcome="Aborted" testListId="8c84fa94-04c1-424b-9868-57a2d4851a1d" relativeResultsDirectory="e7629ae5-c56f-44cf-b728-63e64d3577f0">
    </UnitTestResult>
  </Results>
</TestRun>