<?xml version="1.0" encoding="UTF-8"?>
<TestRun id="ed2c3c3d-3f1a-4da1-93dc-2a68080af0bb" name="Amichai@AMICHAI-PC 2011-12-22 11:55:20" runUser="Amichai-PC\Amichai" xmlns="http://microsoft.com/schemas/VisualStudio/TeamTest/2010">
  <TestSettings name="Local" id="7a61c6dd-4871-423a-9d55-26e05645fdc5">
    <Description>These are default test settings for a local test run.</Description>
    <Deployment enabled="false" runDeploymentRoot="Amichai_AMICHAI-PC 2011-12-22 11_55_20">
      <DeploymentItem filename="C:\Users\Amichai\Documents\Third Party Source\W3b.Sine\_ref\Oyster.IntX.dll" />
      <DeploymentItem filename="C:\Users\Amichai\Documents\Visual Studio 2010\Projects\RandomWalker\packages\morelinq.1.0\lib\net35\MoreLinq.dll" />
      <DeploymentItem filename="C:\Users\Amichai\Documents\Visual Studio 2010\Projects\OpenPadProject\Common\bin\Debug\Common.dll" />
    </Deployment>
    <Execution>
      <TestTypeSpecific />
      <AgentRule name="Execution Agents">
      </AgentRule>
    </Execution>
  </TestSettings>
  <Times creation="2011-12-22T11:55:20.1050955-05:00" queuing="2011-12-22T11:55:31.9177712-05:00" start="2011-12-22T11:55:32.3487958-05:00" finish="2011-12-22T11:56:01.9124868-05:00" />
  <ResultSummary outcome="Error">
    <Counters total="3" executed="3" passed="1" error="0" failed="0" timeout="0" aborted="1" inconclusive="1" passedButRunAborted="0" notRunnable="0" notExecuted="0" disconnected="0" warning="0" completed="0" inProgress="0" pending="0" />
    <RunInfos>
      <RunInfo computerName="AMICHAI-PC" outcome="Error" timestamp="2011-12-22T11:56:01.9114867-05:00">
        <Text>Test host process exited unexpectedly.</Text>
      </RunInfo>
    </RunInfos>
  </ResultSummary>
  <TestDefinitions>
    <UnitTest name="DichotomyMethodTest" storage="c:\users\amichai\documents\visual studio 2010\projects\computationalphysics\commontest\bin\debug\commontest.dll" id="4b066c86-6321-0404-969a-0d552499fc9e">
      <Execution id="fee278e6-49c9-47b2-ad13-536e7309fb8e" />
      <TestMethod codeBase="C:/Users/Amichai/Documents/Visual Studio 2010/Projects/ComputationalPhysics/CommonTest/bin/Debug/CommonTest.DLL" adapterTypeName="Microsoft.VisualStudio.TestTools.TestTypes.Unit.UnitTestAdapter, Microsoft.VisualStudio.QualityTools.Tips.UnitTest.Adapter, Version=10.0.0.0, Culture=neutral, PublicKeyToken=b03f5f7f11d50a3a" className="CommonTest.FindZeroTest, CommonTest, Version=1.0.0.0, Culture=neutral, PublicKeyToken=null" name="DichotomyMethodTest" />
    </UnitTest>
    <UnitTest name="ThreeVectorConstructorTest" storage="c:\users\amichai\documents\visual studio 2010\projects\computationalphysics\commontest\bin\debug\commontest.dll" id="4e228cd1-7134-d4f0-ad63-420d7ce70b2e">
      <Execution id="2ace7904-7d7d-47e0-a2b0-2566af538af8" />
      <TestMethod codeBase="C:/Users/Amichai/Documents/Visual Studio 2010/Projects/ComputationalPhysics/CommonTest/bin/Debug/CommonTest.DLL" adapterTypeName="Microsoft.VisualStudio.TestTools.TestTypes.Unit.UnitTestAdapter, Microsoft.VisualStudio.QualityTools.Tips.UnitTest.Adapter, Version=10.0.0.0, Culture=neutral, PublicKeyToken=b03f5f7f11d50a3a" className="CommonTest.ThreeVectorTest, CommonTest, Version=1.0.0.0, Culture=neutral, PublicKeyToken=null" name="ThreeVectorConstructorTest" />
    </UnitTest>
    <UnitTest name="op_AdditionTest" storage="c:\users\amichai\documents\visual studio 2010\projects\computationalphysics\commontest\bin\debug\commontest.dll" id="8e922c8d-79b4-de99-9664-c60d5dc7df9f">
      <Execution id="ad20f0e3-ef9f-4b70-9dd1-f5165ac61ab9" />
      <TestMethod codeBase="C:/Users/Amichai/Documents/Visual Studio 2010/Projects/ComputationalPhysics/CommonTest/bin/Debug/CommonTest.DLL" adapterTypeName="Microsoft.VisualStudio.TestTools.TestTypes.Unit.UnitTestAdapter, Microsoft.VisualStudio.QualityTools.Tips.UnitTest.Adapter, Version=10.0.0.0, Culture=neutral, PublicKeyToken=b03f5f7f11d50a3a" className="CommonTest.ThreeVectorTest, CommonTest, Version=1.0.0.0, Culture=neutral, PublicKeyToken=null" name="op_AdditionTest" />
    </UnitTest>
  </TestDefinitions>
  <TestLists>
    <TestList name="Results Not in a List" id="8c84fa94-04c1-424b-9868-57a2d4851a1d" />
    <TestList name="All Loaded Results" id="19431567-8539-422a-85d7-44ee4e166bda" />
  </TestLists>
  <TestEntries>
    <TestEntry testId="8e922c8d-79b4-de99-9664-c60d5dc7df9f" executionId="ad20f0e3-ef9f-4b70-9dd1-f5165ac61ab9" testListId="8c84fa94-04c1-424b-9868-57a2d4851a1d" />
    <TestEntry testId="4e228cd1-7134-d4f0-ad63-420d7ce70b2e" executionId="2ace7904-7d7d-47e0-a2b0-2566af538af8" testListId="8c84fa94-04c1-424b-9868-57a2d4851a1d" />
    <TestEntry testId="4b066c86-6321-0404-969a-0d552499fc9e" executionId="fee278e6-49c9-47b2-ad13-536e7309fb8e" testListId="8c84fa94-04c1-424b-9868-57a2d4851a1d" />
  </TestEntries>
  <Results>
    <UnitTestResult executionId="ad20f0e3-ef9f-4b70-9dd1-f5165ac61ab9" testId="8e922c8d-79b4-de99-9664-c60d5dc7df9f" testName="op_AdditionTest" computerName="AMICHAI-PC" duration="00:00:00.0296605" startTime="2011-12-22T11:55:32.6818149-05:00" endTime="2011-12-22T11:55:35.1549563-05:00" testType="13cdc9d9-ddb5-4fa4-a97d-d965ccfc6d4b" outcome="Passed" testListId="8c84fa94-04c1-424b-9868-57a2d4851a1d" relativeResultsDirectory="ad20f0e3-ef9f-4b70-9dd1-f5165ac61ab9">
    </UnitTestResult>
    <UnitTestResult executionId="2ace7904-7d7d-47e0-a2b0-2566af538af8" testId="4e228cd1-7134-d4f0-ad63-420d7ce70b2e" testName="ThreeVectorConstructorTest" computerName="AMICHAI-PC" duration="00:00:02.0252942" startTime="2011-12-22T11:55:35.1719573-05:00" endTime="2011-12-22T11:55:37.2090738-05:00" testType="13cdc9d9-ddb5-4fa4-a97d-d965ccfc6d4b" outcome="Inconclusive" testListId="8c84fa94-04c1-424b-9868-57a2d4851a1d" relativeResultsDirectory="2ace7904-7d7d-47e0-a2b0-2566af538af8">
      <Output>
        <ErrorInfo>
          <Message>Assert.Inconclusive failed. TODO: Implement code to verify target</Message>
          <StackTrace>   at CommonTest.ThreeVectorTest.ThreeVectorConstructorTest() in C:\Users\Amichai\Documents\Visual Studio 2010\Projects\ComputationalPhysics\CommonTest\ThreeVectorTest.cs:line 95
</StackTrace>
        </ErrorInfo>
      </Output>
    </UnitTestResult>
    <UnitTestResult executionId="fee278e6-49c9-47b2-ad13-536e7309fb8e" testId="4b066c86-6321-0404-969a-0d552499fc9e" testName="DichotomyMethodTest" computerName="AMICHAI-PC" duration="00:00:24.6844119" startTime="2011-12-22T11:55:37.2280749-05:00" endTime="2011-12-22T11:56:01.9124868-05:00" testType="13cdc9d9-ddb5-4fa4-a97d-d965ccfc6d4b" outcome="Aborted" testListId="8c84fa94-04c1-424b-9868-57a2d4851a1d" relativeResultsDirectory="fee278e6-49c9-47b2-ad13-536e7309fb8e">
    </UnitTestResult>
  </Results>
</TestRun>