<?xml version="1.0" encoding="UTF-8"?>
<TestRun id="4345fd75-d833-4ad6-9aa7-9c9014a72486" name="Amichai@AMICHAI-PC 2012-01-02 12:40:40" runUser="Amichai-PC\Amichai" xmlns="http://microsoft.com/schemas/VisualStudio/TeamTest/2010">
  <TestSettings name="Local" id="7a61c6dd-4871-423a-9d55-26e05645fdc5">
    <Description>These are default test settings for a local test run.</Description>
    <Deployment enabled="false" runDeploymentRoot="Amichai_AMICHAI-PC 2012-01-02 12_40_40">
      <DeploymentItem filename="C:\Users\Amichai\Documents\Third Party Source\W3b.Sine\_ref\Oyster.IntX.dll" />
      <DeploymentItem filename="C:\Users\Amichai\Documents\Visual Studio 2010\Projects\RandomWalker\packages\morelinq.1.0\lib\net35\MoreLinq.dll" />
      <DeploymentItem filename="C:\Users\Amichai\Documents\Visual Studio 2010\Projects\OpenPadProject\Common\bin\Debug\Common.dll" />
    </Deployment>
    <Execution>
      <TestTypeSpecific />
      <AgentRule name="Execution Agents">
      </AgentRule>
    </Execution>
  </TestSettings>
  <Times creation="2012-01-02T12:40:40.1120363-05:00" queuing="2012-01-02T12:40:53.5948074-05:00" start="2012-01-02T12:40:54.1908415-05:00" finish="2012-01-02T12:41:18.4712303-05:00" />
  <ResultSummary outcome="Error">
    <Counters total="5" executed="4" passed="3" error="0" failed="0" timeout="0" aborted="1" inconclusive="0" passedButRunAborted="0" notRunnable="0" notExecuted="1" disconnected="0" warning="0" completed="0" inProgress="0" pending="0" />
    <RunInfos>
      <RunInfo computerName="AMICHAI-PC" outcome="Error" timestamp="2012-01-02T12:41:18.4652299-05:00">
        <Text>Test host process exited unexpectedly.</Text>
      </RunInfo>
    </RunInfos>
  </ResultSummary>
  <TestDefinitions>
    <UnitTest name="DichotomyMethodTest" storage="c:\users\amichai\documents\visual studio 2010\projects\computationalphysics\commontest\bin\debug\commontest.dll" id="4b066c86-6321-0404-969a-0d552499fc9e">
      <Execution id="c365d118-ee89-40cd-8d18-81c908dc5693" />
      <TestMethod codeBase="C:/Users/Amichai/Documents/Visual Studio 2010/Projects/ComputationalPhysics/CommonTest/bin/Debug/CommonTest.DLL" adapterTypeName="Microsoft.VisualStudio.TestTools.TestTypes.Unit.UnitTestAdapter, Microsoft.VisualStudio.QualityTools.Tips.UnitTest.Adapter, Version=10.0.0.0, Culture=neutral, PublicKeyToken=b03f5f7f11d50a3a" className="CommonTest.FindZeroTest, CommonTest, Version=1.0.0.0, Culture=neutral, PublicKeyToken=null" name="DichotomyMethodTest" />
    </UnitTest>
    <UnitTest name="ThreeVectorConstructorTest" storage="c:\users\amichai\documents\visual studio 2010\projects\computationalphysics\commontest\bin\debug\commontest.dll" id="4e228cd1-7134-d4f0-ad63-420d7ce70b2e">
      <Execution id="c11acc4d-7824-45ec-ab29-0aa124e2cf70" />
      <TestMethod codeBase="C:/Users/Amichai/Documents/Visual Studio 2010/Projects/ComputationalPhysics/CommonTest/bin/Debug/CommonTest.DLL" adapterTypeName="Microsoft.VisualStudio.TestTools.TestTypes.Unit.UnitTestAdapter, Microsoft.VisualStudio.QualityTools.Tips.UnitTest.Adapter, Version=10.0.0.0, Culture=neutral, PublicKeyToken=b03f5f7f11d50a3a" className="CommonTest.ThreeVectorTest, CommonTest, Version=1.0.0.0, Culture=neutral, PublicKeyToken=null" name="ThreeVectorConstructorTest" />
    </UnitTest>
    <UnitTest name="EvaluateTest" storage="c:\users\amichai\documents\visual studio 2010\projects\computationalphysics\commontest\bin\debug\commontest.dll" id="a1b1c0c0-9601-a554-f42a-d9c158b394b4">
      <Execution id="7a8263e8-bc34-4681-b9d1-da815474ea22" />
      <TestMethod codeBase="C:/Users/Amichai/Documents/Visual Studio 2010/Projects/ComputationalPhysics/CommonTest/bin/Debug/CommonTest.DLL" adapterTypeName="Microsoft.VisualStudio.TestTools.TestTypes.Unit.UnitTestAdapter, Microsoft.VisualStudio.QualityTools.Tips.UnitTest.Adapter, Version=10.0.0.0, Culture=neutral, PublicKeyToken=b03f5f7f11d50a3a" className="CommonTest.PolynomialEquationTest, CommonTest, Version=1.0.0.0, Culture=neutral, PublicKeyToken=null" name="EvaluateTest" />
    </UnitTest>
    <UnitTest name="EvaluateAndEvaluateTheDerivativeTest" storage="c:\users\amichai\documents\visual studio 2010\projects\computationalphysics\commontest\bin\debug\commontest.dll" id="65c44574-c88d-9a66-32a1-9a5ef0ae1145">
      <Execution id="b12cf569-8068-45b7-b24c-b0d0dddf8ff0" />
      <TestMethod codeBase="C:/Users/Amichai/Documents/Visual Studio 2010/Projects/ComputationalPhysics/CommonTest/bin/Debug/CommonTest.DLL" adapterTypeName="Microsoft.VisualStudio.TestTools.TestTypes.Unit.UnitTestAdapter, Microsoft.VisualStudio.QualityTools.Tips.UnitTest.Adapter, Version=10.0.0.0, Culture=neutral, PublicKeyToken=b03f5f7f11d50a3a" className="CommonTest.PolynomialEquationTest, CommonTest, Version=1.0.0.0, Culture=neutral, PublicKeyToken=null" name="EvaluateAndEvaluateTheDerivativeTest" />
    </UnitTest>
    <UnitTest name="op_AdditionTest" storage="c:\users\amichai\documents\visual studio 2010\projects\computationalphysics\commontest\bin\debug\commontest.dll" id="8e922c8d-79b4-de99-9664-c60d5dc7df9f">
      <Execution id="39b2cff3-c248-4e08-9e54-d42406ec4d9e" />
      <TestMethod codeBase="C:/Users/Amichai/Documents/Visual Studio 2010/Projects/ComputationalPhysics/CommonTest/bin/Debug/CommonTest.DLL" adapterTypeName="Microsoft.VisualStudio.TestTools.TestTypes.Unit.UnitTestAdapter, Microsoft.VisualStudio.QualityTools.Tips.UnitTest.Adapter, Version=10.0.0.0, Culture=neutral, PublicKeyToken=b03f5f7f11d50a3a" className="CommonTest.ThreeVectorTest, CommonTest, Version=1.0.0.0, Culture=neutral, PublicKeyToken=null" name="op_AdditionTest" />
    </UnitTest>
  </TestDefinitions>
  <TestLists>
    <TestList name="Results Not in a List" id="8c84fa94-04c1-424b-9868-57a2d4851a1d" />
    <TestList name="All Loaded Results" id="19431567-8539-422a-85d7-44ee4e166bda" />
  </TestLists>
  <TestEntries>
    <TestEntry testId="8e922c8d-79b4-de99-9664-c60d5dc7df9f" executionId="39b2cff3-c248-4e08-9e54-d42406ec4d9e" testListId="8c84fa94-04c1-424b-9868-57a2d4851a1d" />
    <TestEntry testId="4e228cd1-7134-d4f0-ad63-420d7ce70b2e" executionId="c11acc4d-7824-45ec-ab29-0aa124e2cf70" testListId="8c84fa94-04c1-424b-9868-57a2d4851a1d" />
    <TestEntry testId="4b066c86-6321-0404-969a-0d552499fc9e" executionId="c365d118-ee89-40cd-8d18-81c908dc5693" testListId="8c84fa94-04c1-424b-9868-57a2d4851a1d" />
    <TestEntry testId="a1b1c0c0-9601-a554-f42a-d9c158b394b4" executionId="7a8263e8-bc34-4681-b9d1-da815474ea22" testListId="8c84fa94-04c1-424b-9868-57a2d4851a1d" />
    <TestEntry testId="65c44574-c88d-9a66-32a1-9a5ef0ae1145" executionId="b12cf569-8068-45b7-b24c-b0d0dddf8ff0" testListId="8c84fa94-04c1-424b-9868-57a2d4851a1d" />
  </TestEntries>
  <Results>
    <UnitTestResult executionId="39b2cff3-c248-4e08-9e54-d42406ec4d9e" testId="8e922c8d-79b4-de99-9664-c60d5dc7df9f" testName="op_AdditionTest" computerName="AMICHAI-PC" duration="00:00:00.0367790" startTime="2012-01-02T12:40:54.4708575-05:00" endTime="2012-01-02T12:40:57.3740236-05:00" testType="13cdc9d9-ddb5-4fa4-a97d-d965ccfc6d4b" outcome="Passed" testListId="8c84fa94-04c1-424b-9868-57a2d4851a1d" relativeResultsDirectory="39b2cff3-c248-4e08-9e54-d42406ec4d9e">
    </UnitTestResult>
    <UnitTestResult executionId="c11acc4d-7824-45ec-ab29-0aa124e2cf70" testId="4e228cd1-7134-d4f0-ad63-420d7ce70b2e" testName="ThreeVectorConstructorTest" computerName="AMICHAI-PC" duration="00:00:05.6661861" startTime="2012-01-02T12:40:57.4340270-05:00" endTime="2012-01-02T12:41:03.1123518-05:00" testType="13cdc9d9-ddb5-4fa4-a97d-d965ccfc6d4b" outcome="Passed" testListId="8c84fa94-04c1-424b-9868-57a2d4851a1d" relativeResultsDirectory="c11acc4d-7824-45ec-ab29-0aa124e2cf70">
    </UnitTestResult>
    <UnitTestResult executionId="c365d118-ee89-40cd-8d18-81c908dc5693" testId="4b066c86-6321-0404-969a-0d552499fc9e" testName="DichotomyMethodTest" computerName="AMICHAI-PC" duration="00:00:00.0034347" startTime="2012-01-02T12:41:03.1573544-05:00" endTime="2012-01-02T12:41:03.1693551-05:00" testType="13cdc9d9-ddb5-4fa4-a97d-d965ccfc6d4b" outcome="Passed" testListId="8c84fa94-04c1-424b-9868-57a2d4851a1d" relativeResultsDirectory="c365d118-ee89-40cd-8d18-81c908dc5693">
      <Output>
        <DebugTrace>1E-05 16
</DebugTrace>
      </Output>
    </UnitTestResult>
    <UnitTestResult executionId="7a8263e8-bc34-4681-b9d1-da815474ea22" testId="a1b1c0c0-9601-a554-f42a-d9c158b394b4" testName="EvaluateTest" computerName="AMICHAI-PC" duration="00:00:15.2858743" startTime="2012-01-02T12:41:03.1843559-05:00" endTime="2012-01-02T12:41:18.4702302-05:00" testType="13cdc9d9-ddb5-4fa4-a97d-d965ccfc6d4b" outcome="Aborted" testListId="8c84fa94-04c1-424b-9868-57a2d4851a1d" relativeResultsDirectory="7a8263e8-bc34-4681-b9d1-da815474ea22">
    </UnitTestResult>
    <UnitTestResult executionId="b12cf569-8068-45b7-b24c-b0d0dddf8ff0" testId="65c44574-c88d-9a66-32a1-9a5ef0ae1145" testName="EvaluateAndEvaluateTheDerivativeTest" computerName="AMICHAI-PC" testType="13cdc9d9-ddb5-4fa4-a97d-d965ccfc6d4b" outcome="NotExecuted" testListId="8c84fa94-04c1-424b-9868-57a2d4851a1d" relativeResultsDirectory="b12cf569-8068-45b7-b24c-b0d0dddf8ff0">
    </UnitTestResult>
  </Results>
</TestRun>