<?xml version="1.0" encoding="UTF-8"?>
<TestRun id="6378a467-8dee-4412-bd74-5bdaa79984c0" name="Amichai@AMICHAI-PC 2011-12-19 01:17:02" runUser="Amichai-PC\Amichai" xmlns="http://microsoft.com/schemas/VisualStudio/TeamTest/2010">
  <TestSettings name="Local" id="7a61c6dd-4871-423a-9d55-26e05645fdc5">
    <Description>These are default test settings for a local test run.</Description>
    <Deployment enabled="false" runDeploymentRoot="Amichai_AMICHAI-PC 2011-12-19 01_17_02">
      <DeploymentItem filename="C:\Users\Amichai\Documents\Third Party Source\W3b.Sine\_ref\Oyster.IntX.dll" />
      <DeploymentItem filename="C:\Users\Amichai\Documents\Visual Studio 2010\Projects\RandomWalker\packages\morelinq.1.0\lib\net35\MoreLinq.dll" />
      <DeploymentItem filename="C:\Users\Amichai\Documents\Visual Studio 2010\Projects\OpenPadProject\Common\bin\Debug\Common.dll" />
    </Deployment>
    <Execution>
      <TestTypeSpecific />
      <AgentRule name="Execution Agents">
      </AgentRule>
    </Execution>
  </TestSettings>
  <Times creation="2011-12-19T01:17:02.6912951-05:00" queuing="2011-12-19T01:17:14.5429730-05:00" start="2011-12-19T01:17:14.7799865-05:00" finish="2011-12-19T01:18:00.5476043-05:00" />
  <ResultSummary outcome="Error">
    <Counters total="2" executed="2" passed="1" error="0" failed="0" timeout="0" aborted="1" inconclusive="0" passedButRunAborted="0" notRunnable="0" notExecuted="0" disconnected="0" warning="0" completed="0" inProgress="0" pending="0" />
    <RunInfos>
      <RunInfo computerName="AMICHAI-PC" outcome="Error" timestamp="2011-12-19T01:18:00.5456042-05:00">
        <Text>Test host process exited unexpectedly.</Text>
      </RunInfo>
    </RunInfos>
  </ResultSummary>
  <TestDefinitions>
    <UnitTest name="ThreeVectorConstructorTest" storage="c:\users\amichai\documents\visual studio 2010\projects\computationalphysics\commontest\bin\debug\commontest.dll" id="4e228cd1-7134-d4f0-ad63-420d7ce70b2e">
      <Execution id="150435a6-4b05-4fe3-8c1a-a385fc71781f" />
      <TestMethod codeBase="C:/Users/Amichai/Documents/Visual Studio 2010/Projects/ComputationalPhysics/CommonTest/bin/Debug/CommonTest.DLL" adapterTypeName="Microsoft.VisualStudio.TestTools.TestTypes.Unit.UnitTestAdapter, Microsoft.VisualStudio.QualityTools.Tips.UnitTest.Adapter, Version=10.0.0.0, Culture=neutral, PublicKeyToken=b03f5f7f11d50a3a" className="CommonTest.ThreeVectorTest, CommonTest, Version=1.0.0.0, Culture=neutral, PublicKeyToken=null" name="ThreeVectorConstructorTest" />
    </UnitTest>
    <UnitTest name="op_AdditionTest" storage="c:\users\amichai\documents\visual studio 2010\projects\computationalphysics\commontest\bin\debug\commontest.dll" id="8e922c8d-79b4-de99-9664-c60d5dc7df9f">
      <Execution id="a5dadb37-2c05-45c4-a20b-4eb1d388495c" />
      <TestMethod codeBase="C:/Users/Amichai/Documents/Visual Studio 2010/Projects/ComputationalPhysics/CommonTest/bin/Debug/CommonTest.DLL" adapterTypeName="Microsoft.VisualStudio.TestTools.TestTypes.Unit.UnitTestAdapter, Microsoft.VisualStudio.QualityTools.Tips.UnitTest.Adapter, Version=10.0.0.0, Culture=neutral, PublicKeyToken=b03f5f7f11d50a3a" className="CommonTest.ThreeVectorTest, CommonTest, Version=1.0.0.0, Culture=neutral, PublicKeyToken=null" name="op_AdditionTest" />
    </UnitTest>
  </TestDefinitions>
  <TestLists>
    <TestList name="Results Not in a List" id="8c84fa94-04c1-424b-9868-57a2d4851a1d" />
    <TestList name="All Loaded Results" id="19431567-8539-422a-85d7-44ee4e166bda" />
  </TestLists>
  <TestEntries>
    <TestEntry testId="8e922c8d-79b4-de99-9664-c60d5dc7df9f" executionId="a5dadb37-2c05-45c4-a20b-4eb1d388495c" testListId="8c84fa94-04c1-424b-9868-57a2d4851a1d" />
    <TestEntry testId="4e228cd1-7134-d4f0-ad63-420d7ce70b2e" executionId="150435a6-4b05-4fe3-8c1a-a385fc71781f" testListId="8c84fa94-04c1-424b-9868-57a2d4851a1d" />
  </TestEntries>
  <Results>
    <UnitTestResult executionId="a5dadb37-2c05-45c4-a20b-4eb1d388495c" testId="8e922c8d-79b4-de99-9664-c60d5dc7df9f" testName="op_AdditionTest" computerName="AMICHAI-PC" duration="00:00:00.0337320" startTime="2011-12-19T01:17:15.0270006-05:00" endTime="2011-12-19T01:17:17.1271208-05:00" testType="13cdc9d9-ddb5-4fa4-a97d-d965ccfc6d4b" outcome="Passed" testListId="8c84fa94-04c1-424b-9868-57a2d4851a1d" relativeResultsDirectory="a5dadb37-2c05-45c4-a20b-4eb1d388495c">
    </UnitTestResult>
    <UnitTestResult executionId="150435a6-4b05-4fe3-8c1a-a385fc71781f" testId="4e228cd1-7134-d4f0-ad63-420d7ce70b2e" testName="ThreeVectorConstructorTest" computerName="AMICHAI-PC" duration="00:00:43.4084829" startTime="2011-12-19T01:17:17.1391214-05:00" endTime="2011-12-19T01:18:00.5476043-05:00" testType="13cdc9d9-ddb5-4fa4-a97d-d965ccfc6d4b" outcome="Aborted" testListId="8c84fa94-04c1-424b-9868-57a2d4851a1d" relativeResultsDirectory="150435a6-4b05-4fe3-8c1a-a385fc71781f">
    </UnitTestResult>
  </Results>
</TestRun>