<?xml version="1.0" encoding="UTF-8"?>
<TestRun id="b6af9679-14f3-45de-b252-d86ee39f091c" name="Amichai@AMICHAI-PC 2011-12-19 01:24:29" runUser="Amichai-PC\Amichai" xmlns="http://microsoft.com/schemas/VisualStudio/TeamTest/2010">
  <TestSettings name="Local" id="7a61c6dd-4871-423a-9d55-26e05645fdc5">
    <Description>These are default test settings for a local test run.</Description>
    <Deployment enabled="false" runDeploymentRoot="Amichai_AMICHAI-PC 2011-12-19 01_24_29">
      <DeploymentItem filename="C:\Users\Amichai\Documents\Third Party Source\W3b.Sine\_ref\Oyster.IntX.dll" />
      <DeploymentItem filename="C:\Users\Amichai\Documents\Visual Studio 2010\Projects\RandomWalker\packages\morelinq.1.0\lib\net35\MoreLinq.dll" />
      <DeploymentItem filename="C:\Users\Amichai\Documents\Visual Studio 2010\Projects\OpenPadProject\Common\bin\Debug\Common.dll" />
    </Deployment>
    <Execution>
      <TestTypeSpecific />
      <AgentRule name="Execution Agents">
      </AgentRule>
    </Execution>
  </TestSettings>
  <Times creation="2011-12-19T01:24:29.6568600-05:00" queuing="2011-12-19T01:24:33.0450538-05:00" start="2011-12-19T01:24:33.2440652-05:00" finish="2011-12-19T01:25:38.6838082-05:00" />
  <ResultSummary outcome="Error">
    <Counters total="2" executed="2" passed="1" error="0" failed="0" timeout="0" aborted="1" inconclusive="0" passedButRunAborted="0" notRunnable="0" notExecuted="0" disconnected="0" warning="0" completed="0" inProgress="0" pending="0" />
    <RunInfos>
      <RunInfo computerName="AMICHAI-PC" outcome="Error" timestamp="2011-12-19T01:25:38.6818080-05:00">
        <Text>Test host process exited unexpectedly.</Text>
      </RunInfo>
    </RunInfos>
  </ResultSummary>
  <TestDefinitions>
    <UnitTest name="ThreeVectorConstructorTest" storage="c:\users\amichai\documents\visual studio 2010\projects\computationalphysics\commontest\bin\debug\commontest.dll" id="4e228cd1-7134-d4f0-ad63-420d7ce70b2e">
      <Execution id="027258d0-ca23-4cf8-a755-6d42190a4da9" />
      <TestMethod codeBase="C:/Users/Amichai/Documents/Visual Studio 2010/Projects/ComputationalPhysics/CommonTest/bin/Debug/CommonTest.DLL" adapterTypeName="Microsoft.VisualStudio.TestTools.TestTypes.Unit.UnitTestAdapter, Microsoft.VisualStudio.QualityTools.Tips.UnitTest.Adapter, Version=10.0.0.0, Culture=neutral, PublicKeyToken=b03f5f7f11d50a3a" className="CommonTest.ThreeVectorTest, CommonTest, Version=1.0.0.0, Culture=neutral, PublicKeyToken=null" name="ThreeVectorConstructorTest" />
    </UnitTest>
    <UnitTest name="op_AdditionTest" storage="c:\users\amichai\documents\visual studio 2010\projects\computationalphysics\commontest\bin\debug\commontest.dll" id="8e922c8d-79b4-de99-9664-c60d5dc7df9f">
      <Execution id="1a16e702-bb74-445c-bfe7-88d2560b3dff" />
      <TestMethod codeBase="C:/Users/Amichai/Documents/Visual Studio 2010/Projects/ComputationalPhysics/CommonTest/bin/Debug/CommonTest.DLL" adapterTypeName="Microsoft.VisualStudio.TestTools.TestTypes.Unit.UnitTestAdapter, Microsoft.VisualStudio.QualityTools.Tips.UnitTest.Adapter, Version=10.0.0.0, Culture=neutral, PublicKeyToken=b03f5f7f11d50a3a" className="CommonTest.ThreeVectorTest, CommonTest, Version=1.0.0.0, Culture=neutral, PublicKeyToken=null" name="op_AdditionTest" />
    </UnitTest>
  </TestDefinitions>
  <TestLists>
    <TestList name="Results Not in a List" id="8c84fa94-04c1-424b-9868-57a2d4851a1d" />
    <TestList name="All Loaded Results" id="19431567-8539-422a-85d7-44ee4e166bda" />
  </TestLists>
  <TestEntries>
    <TestEntry testId="8e922c8d-79b4-de99-9664-c60d5dc7df9f" executionId="1a16e702-bb74-445c-bfe7-88d2560b3dff" testListId="8c84fa94-04c1-424b-9868-57a2d4851a1d" />
    <TestEntry testId="4e228cd1-7134-d4f0-ad63-420d7ce70b2e" executionId="027258d0-ca23-4cf8-a755-6d42190a4da9" testListId="8c84fa94-04c1-424b-9868-57a2d4851a1d" />
  </TestEntries>
  <Results>
    <UnitTestResult executionId="1a16e702-bb74-445c-bfe7-88d2560b3dff" testId="8e922c8d-79b4-de99-9664-c60d5dc7df9f" testName="op_AdditionTest" computerName="AMICHAI-PC" duration="00:00:00.0358791" startTime="2011-12-19T01:24:33.4410765-05:00" endTime="2011-12-19T01:24:35.6222012-05:00" testType="13cdc9d9-ddb5-4fa4-a97d-d965ccfc6d4b" outcome="Passed" testListId="8c84fa94-04c1-424b-9868-57a2d4851a1d" relativeResultsDirectory="1a16e702-bb74-445c-bfe7-88d2560b3dff">
    </UnitTestResult>
    <UnitTestResult executionId="027258d0-ca23-4cf8-a755-6d42190a4da9" testId="4e228cd1-7134-d4f0-ad63-420d7ce70b2e" testName="ThreeVectorConstructorTest" computerName="AMICHAI-PC" duration="00:01:03.0426059" startTime="2011-12-19T01:24:35.6412023-05:00" endTime="2011-12-19T01:25:38.6838082-05:00" testType="13cdc9d9-ddb5-4fa4-a97d-d965ccfc6d4b" outcome="Aborted" testListId="8c84fa94-04c1-424b-9868-57a2d4851a1d" relativeResultsDirectory="027258d0-ca23-4cf8-a755-6d42190a4da9">
    </UnitTestResult>
  </Results>
</TestRun>